<?xml version="1.0" encoding="UTF-8"?>
<!-- Generated by org.testng.reporters.JUnitXMLReporter -->
<testsuite hostname="ADMIN-PC" ignored="0" name="Test" tests="2" failures="1" timestamp="08 Feb 2019 02:40:05 GMT" time="37.932" errors="0">
  <testcase name="@BeforeMethod launchApplication" time="24.479" classname="wrappers.ProjectWrappers">
    <failure type="java.lang.RuntimeException" message="FAILED">
      <![CDATA[java.lang.RuntimeException: FAILED
at wrappers.Reporter.reportStep(Reporter.java:27)
at wrappers.GenericWrappers.invokeApp(GenericWrappers.java:43)
at wrappers.ProjectWrappers.launchApplication(ProjectWrappers.java:25)
... Removed 28 stack frames]]>
    </failure>
  </testcase> <!-- @BeforeMethod launchApplication -->
  <testcase name="@AfterMethod closebrowser" time="0.0" classname="wrappers.ProjectWrappers">
    <skipped/>
  </testcase> <!-- @AfterMethod closebrowser -->
  <testcase name="@AfterClass afterClass" time="0.0" classname="wrappers.ProjectWrappers">
    <skipped/>
  </testcase> <!-- @AfterClass afterClass -->
  <testcase name="tc001" time="0.706" classname="pom.testcases.Test001">
    <failure type="java.lang.RuntimeException" message="FAILED">
      <![CDATA[java.lang.RuntimeException: FAILED
at wrappers.Reporter.reportStep(Reporter.java:27)
at wrappers.GenericWrappers.pressEnterById(GenericWrappers.java:212)
at pom.pages.LaunchPage.searchBox(LaunchPage.java:19)
at pom.testcases.Test001.tc001(Test001.java:24)
... Removed 25 stack frames]]>
    </failure>
  </testcase> <!-- tc001 -->
  <testcase name="tc001" time="0.0" classname="pom.testcases.Test001">
    <skipped/>
  </testcase> <!-- tc001 -->
</testsuite> <!-- Test -->
