<?xml version="1.0" encoding="UTF-8"?>
<testng-results skipped="0" failed="0" ignored="0" total="2" passed="2">
  <reporter-output>
  </reporter-output>
  <suite name="Suite" duration-ms="50448" started-at="2019-02-06T12:30:35Z" finished-at="2019-02-06T12:31:26Z">
    <groups>
    </groups>
    <test name="Test" duration-ms="50448" started-at="2019-02-06T12:30:35Z" finished-at="2019-02-06T12:31:26Z">
      <class name="pom.testcases.Test001">
        <test-method status="PASS" signature="beforeSuite()[pri:0, instance:pom.testcases.Test001@78c730]" name="beforeSuite" is-config="true" duration-ms="783" started-at="2019-02-06T12:30:34Z" finished-at="2019-02-06T12:30:35Z">
          <reporter-output>
          </reporter-output>
        </test-method> <!-- beforeSuite -->
        <test-method status="PASS" signature="setValues()[pri:0, instance:pom.testcases.Test001@78c730]" name="setValues" is-config="true" duration-ms="0" started-at="2019-02-06T12:30:35Z" finished-at="2019-02-06T12:30:35Z">
          <reporter-output>
          </reporter-output>
        </test-method> <!-- setValues -->
        <test-method status="PASS" signature="launchApplication()[pri:0, instance:pom.testcases.Test001@78c730]" name="launchApplication" is-config="true" duration-ms="11144" started-at="2019-02-06T12:30:36Z" finished-at="2019-02-06T12:30:47Z">
          <reporter-output>
          </reporter-output>
        </test-method> <!-- launchApplication -->
        <test-method status="PASS" signature="tc001(java.lang.String, java.lang.String, java.lang.String)[pri:0, instance:pom.testcases.Test001@78c730]" name="tc001" duration-ms="14903" started-at="2019-02-06T12:30:47Z" data-provider="fetchData" finished-at="2019-02-06T12:31:02Z">
          <params>
            <param index="0">
              <value>
                <![CDATA[apply for number plate]]>
              </value>
            </param>
            <param index="1">
              <value>
                <![CDATA[2000]]>
              </value>
            </param>
            <param index="2">
              <value>
                <![CDATA[Wynyard Service Centre]]>
              </value>
            </param>
          </params>
          <reporter-output>
          </reporter-output>
        </test-method> <!-- tc001 -->
        <test-method status="PASS" signature="closebrowser()[pri:0, instance:pom.testcases.Test001@78c730]" name="closebrowser" is-config="true" duration-ms="905" started-at="2019-02-06T12:31:02Z" finished-at="2019-02-06T12:31:03Z">
          <reporter-output>
          </reporter-output>
        </test-method> <!-- closebrowser -->
        <test-method status="PASS" signature="launchApplication()[pri:0, instance:pom.testcases.Test001@78c730]" name="launchApplication" is-config="true" duration-ms="8265" started-at="2019-02-06T12:31:03Z" finished-at="2019-02-06T12:31:11Z">
          <reporter-output>
          </reporter-output>
        </test-method> <!-- launchApplication -->
        <test-method status="PASS" signature="tc001(java.lang.String, java.lang.String, java.lang.String)[pri:0, instance:pom.testcases.Test001@78c730]" name="tc001" duration-ms="13573" started-at="2019-02-06T12:31:11Z" data-provider="fetchData" finished-at="2019-02-06T12:31:25Z">
          <params>
            <param index="0">
              <value>
                <![CDATA[apply for number plate]]>
              </value>
            </param>
            <param index="1">
              <value>
                <![CDATA[2150]]>
              </value>
            </param>
            <param index="2">
              <value>
                <![CDATA[Parramatta Service Centre]]>
              </value>
            </param>
          </params>
          <reporter-output>
          </reporter-output>
        </test-method> <!-- tc001 -->
        <test-method status="PASS" signature="closebrowser()[pri:0, instance:pom.testcases.Test001@78c730]" name="closebrowser" is-config="true" duration-ms="843" started-at="2019-02-06T12:31:25Z" finished-at="2019-02-06T12:31:26Z">
          <reporter-output>
          </reporter-output>
        </test-method> <!-- closebrowser -->
        <test-method status="PASS" signature="afterClass()[pri:0, instance:pom.testcases.Test001@78c730]" name="afterClass" is-config="true" duration-ms="1" started-at="2019-02-06T12:31:26Z" finished-at="2019-02-06T12:31:26Z">
          <reporter-output>
          </reporter-output>
        </test-method> <!-- afterClass -->
        <test-method status="PASS" signature="afterSuite()[pri:0, instance:pom.testcases.Test001@78c730]" name="afterSuite" is-config="true" duration-ms="446" started-at="2019-02-06T12:31:26Z" finished-at="2019-02-06T12:31:26Z">
          <reporter-output>
          </reporter-output>
        </test-method> <!-- afterSuite -->
      </class> <!-- pom.testcases.Test001 -->
    </test> <!-- Test -->
  </suite> <!-- Suite -->
</testng-results>
